<?xml version="1.0" encoding="UTF-8"?>
<!-- Generated by org.testng.reporters.JUnitXMLReporter -->
<testsuite hostname="QuangLe" ignored="7" name="Login cases" tests="1" failures="0" timestamp="30 Jan 2019 10:03:01 GMT" time="99.398" errors="0">
  <testcase name="loginWithNotActiveUser" time="80.206" classname="android.kodak.testcases.checklist.TM_002_Login"/>
  <testcase name="loginWithInvalidData" time="0.0" classname="android.kodak.testcases.checklist.TM_002_Login">
    <ignored/>
  </testcase> <!-- loginWithInvalidData -->
  <testcase name="loginWithFacebookAccountNotExisted" time="0.0" classname="android.kodak.testcases.checklist.TM_002_Login">
    <ignored/>
  </testcase> <!-- loginWithFacebookAccountNotExisted -->
  <testcase name="loginWithGoogleAccountExisted" time="0.0" classname="android.kodak.testcases.checklist.TM_002_Login">
    <ignored/>
  </testcase> <!-- loginWithGoogleAccountExisted -->
  <testcase name="loginWithFaceBookAccountExisted" time="0.0" classname="android.kodak.testcases.checklist.TM_002_Login">
    <ignored/>
  </testcase> <!-- loginWithFaceBookAccountExisted -->
  <testcase name="loginLogOutWithExistedUser" time="0.0" classname="android.kodak.testcases.checklist.TM_002_Login">
    <ignored/>
  </testcase> <!-- loginLogOutWithExistedUser -->
  <testcase name="loginWithGoogleAccountNotExisted" time="0.0" classname="android.kodak.testcases.checklist.TM_002_Login">
    <ignored/>
  </testcase> <!-- loginWithGoogleAccountNotExisted -->
  <testcase name="loginWithRememberMe" time="0.0" classname="android.kodak.testcases.checklist.TM_002_Login">
    <ignored/>
  </testcase> <!-- loginWithRememberMe -->
</testsuite> <!-- Login cases -->
