<?xml version="1.0" encoding="UTF-8"?>
<testng-results skipped="0" failed="0" ignored="3" total="4" passed="1">
  <reporter-output>
  </reporter-output>
  <suite name="RegessionSuite" duration-ms="93177" started-at="2019-01-30T10:08:08Z" finished-at="2019-01-30T10:09:41Z">
    <groups>
    </groups>
    <test name="SignUp cases" duration-ms="93177" started-at="2019-01-30T10:08:08Z" finished-at="2019-01-30T10:09:41Z">
      <class name="android.kodak.testcases.checklist.TM_001_SignUp">
        <test-method status="PASS" signature="loadBean()[pri:0, instance:android.kodak.testcases.checklist.TM_001_SignUp@35e478f]" name="loadBean" is-config="true" duration-ms="724" started-at="2019-01-30T17:08:08Z" finished-at="2019-01-30T17:08:08Z">
          <reporter-output>
          </reporter-output>
        </test-method> <!-- loadBean -->
        <test-method status="PASS" signature="loadParam(java.lang.String, java.lang.String, java.lang.String, java.lang.String, java.lang.String, java.lang.String, java.lang.String, java.lang.String, java.lang.String)[pri:0, instance:android.kodak.testcases.checklist.TM_001_SignUp@35e478f]" name="loadParam" is-config="true" duration-ms="11" started-at="2019-01-30T17:08:08Z" finished-at="2019-01-30T17:08:08Z">
          <params>
            <param index="0">
              <value>
                <![CDATA[samsung_c7]]>
              </value>
            </param>
            <param index="1">
              <value>
                <![CDATA[production]]>
              </value>
            </param>
            <param index="2">
              <value>
                <![CDATA[qatest999]]>
              </value>
            </param>
            <param index="3">
              <value>
                <![CDATA[Aaaa1111]]>
              </value>
            </param>
            <param index="4">
              <value>
                <![CDATA[000007E048AF00050DANMNGF]]>
              </value>
            </param>
            <param index="5">
              <value>
                <![CDATA[KodakCam-F00700050D]]>
              </value>
            </param>
            <param index="6">
              <value>
                <![CDATA[/dev/ttyAutomation]]>
              </value>
            </param>
            <param index="7">
              <value>
                <![CDATA[Beisiusiu]]>
              </value>
            </param>
            <param index="8">
              <value>
                <![CDATA[1357913500]]>
              </value>
            </param>
          </params>
          <reporter-output>
          </reporter-output>
        </test-method> <!-- loadParam -->
        <test-method status="PASS" signature="Precondition()[pri:0, instance:android.kodak.testcases.checklist.TM_001_SignUp@35e478f]" name="Precondition" is-config="true" duration-ms="525" started-at="2019-01-30T17:08:08Z" finished-at="2019-01-30T17:08:09Z">
          <reporter-output>
          </reporter-output>
        </test-method> <!-- Precondition -->
        <test-method status="PASS" signature="beforeMethod(java.lang.reflect.Method)[pri:0, instance:android.kodak.testcases.checklist.TM_001_SignUp@35e478f]" name="beforeMethod" is-config="true" duration-ms="15952" started-at="2019-01-30T17:08:09Z" finished-at="2019-01-30T17:08:25Z">
          <params>
            <param index="0">
              <value>
                <![CDATA[public void android.kodak.testcases.checklist.TM_001_SignUp.TC_001_SignUpWithValidData()]]>
              </value>
            </param>
          </params>
          <reporter-output>
          </reporter-output>
        </test-method> <!-- beforeMethod -->
        <test-method status="PASS" signature="TC_001_SignUpWithValidData()[pri:1, instance:android.kodak.testcases.checklist.TM_001_SignUp@35e478f]" name="TC_001_SignUpWithValidData" duration-ms="73072" started-at="2019-01-30T17:08:25Z" description="TC001: Verify that user can signup new account with valid data" finished-at="2019-01-30T17:09:38Z">
          <reporter-output>
          </reporter-output>
        </test-method> <!-- TC_001_SignUpWithValidData -->
        <test-method status="PASS" signature="cleanup()[pri:0, instance:android.kodak.testcases.checklist.TM_001_SignUp@35e478f]" name="cleanup" is-config="true" duration-ms="1" started-at="2019-01-30T17:09:38Z" finished-at="2019-01-30T17:09:38Z">
          <reporter-output>
          </reporter-output>
        </test-method> <!-- cleanup -->
        <test-method status="PASS" signature="afterMethod(org.testng.ITestResult)[pri:0, instance:android.kodak.testcases.checklist.TM_001_SignUp@35e478f]" name="afterMethod" is-config="true" duration-ms="3460" started-at="2019-01-30T17:09:38Z" finished-at="2019-01-30T17:09:41Z">
          <params>
            <param index="0">
              <value>
                <![CDATA[[TestResult name=TC_001_SignUpWithValidData status=SUCCESS method=TM_001_SignUp.TC_001_SignUpWithValidData()[pri:1, instance:android.kodak.testcases.checklist.TM_001_SignUp@35e478f] output={null}]]]>
              </value>
            </param>
          </params>
          <reporter-output>
          </reporter-output>
        </test-method> <!-- afterMethod -->
      </class> <!-- android.kodak.testcases.checklist.TM_001_SignUp -->
    </test> <!-- SignUp cases -->
  </suite> <!-- RegessionSuite -->
</testng-results>
